<?xml version="1.0" encoding="UTF-8"?>
<!-- Generated by org.testng.reporters.JUnitReportReporter -->
<testsuite hostname="MacBook-Pro-cua-quynhniee.local" failures="0" tests="6" name="com.example.junit_test.modules.orders.controllers.OrderControllerTest" time="0.067" errors="0" timestamp="2024-04-28T00:12:20 ICT" skipped="0">
  <testcase classname="com.example.junit_test.modules.orders.controllers.OrderControllerTest" name="testUpdateOrder" time="0.001"/>
  <testcase classname="com.example.junit_test.modules.orders.controllers.OrderControllerTest" name="testListOrders" time="0.059"/>
  <testcase classname="com.example.junit_test.modules.orders.controllers.OrderControllerTest" name="testDeleteOrdersById" time="0.001"/>
  <testcase classname="com.example.junit_test.modules.orders.controllers.OrderControllerTest" name="testGetOrderById" time="0.001"/>
  <testcase classname="com.example.junit_test.modules.orders.controllers.OrderControllerTest" name="save" time="0.003"/>
  <testcase classname="com.example.junit_test.modules.orders.controllers.OrderControllerTest" name="testCreateOrder" time="0.002"/>
</testsuite> <!-- com.example.junit_test.modules.orders.controllers.OrderControllerTest -->
